[4mRunning "clean:0" (clean) task[24m

[4mRunning "jshint:all" (jshint) task[24m
[32m>> [39m47 files lint free.

[4mRunning "csslint:src" (csslint) task[24m
[32m>> [39m5 files lint free.

[4mRunning "concurrent:tasks" (concurrent) task[24m
[4mRunning "nodemon:dev" (nodemon) task[24m
[4mRunning "watch" task[24m
Waiting...
[33m[nodemon] v1.0.20[39m
[33m[nodemon] to restart at any time, enter `rs`[39m
[33m[nodemon] watching: *.*[39m
[32m[nodemon] starting `node --debug server.js`[39m
debugger listening on port 5858
js-bson: Failed to load c++ bson extension, using pure JS version
Mean app started on port 3000 (development)
Failed to load c++ bson extension, using pure JS version
[0mGET / [32m200 [0m140.978 ms - -[0m
[0mGET /system/views/header.html [32m200 [0m7.391 ms - -[0m
[0mGET /system/views/index.html [32m200 [0m4.603 ms - 119[0m
[0mGET /favicon.ico [32m200 [0m4.516 ms - -[0m
[0mGET /admin/menu/main [32m200 [0m4.568 ms - 2[0m
[0mGET /loggedin [32m200 [0m11.884 ms - 1[0m
[0mGET /users/views/index.html [32m200 [0m15.521 ms - -[0m
[0mGET /users/views/register.html [32m200 [0m7.903 ms - -[0m
[0mGET /theme/assets/img/bg.png [32m200 [0m6.235 ms - 72559[0m
[0mGET /theme/assets/img/woman_ninja.png [32m200 [0m3.742 ms - 29291[0m
[0mGET /get-config [32m200 [0m3.245 ms - -[0m
[0mGET /theme/assets/img/mail_login.png [32m200 [0m6.476 ms - 1242[0m
[0mGET /theme/assets/img/devide_line_long.png [32m200 [0m4.498 ms - 174[0m
[0mGET /theme/assets/img/button_login.png [32m200 [0m5.399 ms - 1248[0m
[0mGET /theme/assets/img/eye_password.png [32m200 [0m3.532 ms - 1561[0m
[0mGET /theme/assets/fonts/mark_simonson_-_proxima_nova_regular.woff [32m200 [0m2.800 ms - 52124[0m
[0mGET /theme/assets/fonts/ufonts.com_futura-book.woff [32m200 [0m3.264 ms - 55344[0m
[0mGET /theme/assets/fonts/opensanshebrew-regular.woff [32m200 [0m4.685 ms - 19196[0m
[0mGET /theme/assets/fonts/proximanova-light.woff [32m200 [0m4.315 ms - 40116[0m
[0mGET /theme/assets/img/button_login_hover.png [32m200 [0m5.320 ms - 1255[0m
[0mPOST /register [32m200 [0m68.123 ms - 35[0m
[0mGET / [32m200 [0m22.266 ms - -[0m
[0mGET /admin/menu/main [32m200 [0m3.400 ms - 179[0m
[0mGET /loggedin [32m200 [0m4.022 ms - 156[0m
[0mGET /articles/views/list.html [32m200 [0m4.430 ms - 884[0m
[0mGET /articles [32m200 [0m5.722 ms - 2[0m
[0mGET /loggedin [36m304 [0m3.875 ms - -[0m
[0mGET /articles/views/create.html [32m200 [0m3.594 ms - -[0m
[0mPOST /articles [32m200 [0m10.633 ms - 183[0m
[0mGET /loggedin [36m304 [0m4.191 ms - -[0m
[0mGET /articles/views/view.html [32m200 [0m4.644 ms - 521[0m
[0mGET /articles/543e7fecaaebfada26655ecd [32m200 [0m9.253 ms - 232[0m
[0mGET /loggedin [36m304 [0m4.610 ms - -[0m
[0mGET /articles [32m200 [0m6.773 ms - 234[0m
[0mGET /loggedin [36m304 [0m3.762 ms - -[0m
[0mGET /loggedin [36m304 [0m18.847 ms - -[0m
[0mGET /articles [36m304 [0m4.510 ms - -[0m
[0mGET /loggedin [36m304 [0m4.274 ms - -[0m
[0mGET /loggedin [36m304 [0m4.618 ms - -[0m
[0mGET /articles [36m304 [0m4.452 ms - -[0m
[0mGET / [32m200 [0m3.600 ms - -[0m
[0mGET /system/views/index.html [32m200 [0m5.553 ms - 119[0m
[0mGET /system/views/header.html [32m200 [0m4.910 ms - -[0m
[0mGET /favicon.ico [32m200 [0m3.305 ms - -[0m
[0mGET /admin/menu/main [32m200 [0m2.244 ms - 2[0m

[36mReloading watch config...[39m
[31m>> [39mLocal Npm module "grunt-concurrent" not found. Is it installed?
[31m>> [39mLocal Npm module "grunt-contrib-clean" not found. Is it installed?
[31m>> [39mLocal Npm module "grunt-contrib-csslint" not found. Is it installed?
[31m>> [39mLocal Npm module "grunt-contrib-cssmin" not found. Is it installed?
[31m>> [39mLocal Npm module "grunt-contrib-jshint" not found. Is it installed?
[31m>> [39mLocal Npm module "grunt-contrib-uglify" not found. Is it installed?
[31m>> [39mLocal Npm module "grunt-contrib-watch" not found. Is it installed?
[31m>> [39mLocal Npm module "grunt-env" not found. Is it installed?
[31m>> [39mLocal Npm module "grunt-nodemon" not found. Is it installed?
[31m>> [39mLocal Npm module "grunt-karma" not found. Is it installed?
[31m>> [39mLocal Npm module "grunt-mocha-test" not found. Is it installed?

[4mRunning "watch" task[24m
Waiting...
[32m>> [39mFile "Gruntfile.js" changed.
[32m>> [39mFile "karma.conf.js" changed.
[32m>> [39mFile "packages/access/app.js" changed.
[32m>> [39mFile "server.js" changed.
[32m>> [39mFile "packages/access/server/config/authorization.js" changed.
[32m>> [39mFile "packages/access/server/config/passport.js" changed.
[32m>> [39mFile "packages/articles/app.js" changed.
[32m>> [39mFile "packages/articles/public/articles.js" changed.
[32m>> [39mFile "packages/articles/public/controllers/articles.js" changed.
[32m>> [39mFile "packages/articles/public/routes/articles.js" changed.
[32m>> [39mFile "packages/articles/public/services/articles.js" changed.
[32m>> [39mFile "packages/articles/public/tests/articles.spec.js" changed.
[32m>> [39mFile "packages/articles/server/controllers/articles.js" changed.
[32m>> [39mFile "packages/articles/server/models/article.js" changed.
[32m>> [39mFile "packages/articles/server/routes/articles.js" changed.
[32m>> [39mFile "packages/articles/server/tests/articles.js" changed.
[32m>> [39mFile "packages/system/app.js" changed.
[32m>> [39mFile "packages/system/public/controllers/header.js" changed.
[32m>> [39mFile "packages/system/public/controllers/index.js" changed.
[32m>> [39mFile "packages/system/public/init.js" changed.
[32m>> [39mFile "packages/system/public/system.js" changed.
[32m>> [39mFile "packages/system/public/routes/system.js" changed.
[32m>> [39mFile "packages/system/public/services/global.js" changed.
[32m>> [39mFile "packages/system/public/services/interceptor.js" changed.
[32m>> [39mFile "packages/system/public/services/menus.js" changed.
[32m>> [39mFile "packages/system/public/tests/headers.spec.js" changed.
[32m>> [39mFile "packages/system/public/tests/index.spec.js" changed.
[32m>> [39mFile "packages/system/server/controllers/index.js" changed.
[32m>> [39mFile "packages/system/server/routes/index.js" changed.
[32m>> [39mFile "packages/system/server/routes/menus.js" changed.
[32m>> [39mFile "packages/theme/app.js" changed.
[32m>> [39mFile "packages/theme/public/controllers/theme.js" changed.
[32m>> [39mFile "packages/theme/public/routes/theme.js" changed.
[32m>> [39mFile "packages/theme/public/services/theme.js" changed.
[32m>> [39mFile "packages/theme/public/theme.js" changed.
[32m>> [39mFile "packages/theme/server/routes/theme.js" changed.
[32m>> [39mFile "packages/users/app.js" changed.
[32m>> [39mFile "packages/users/public/controllers/meanUser.js" changed.
[32m>> [39mFile "packages/users/public/routes/auth.js" changed.
[32m>> [39mFile "packages/users/public/services/meanUser.js" changed.
[32m>> [39mFile "packages/users/public/tests/auth.spec.js" changed.
[32m>> [39mFile "packages/users/public/users.js" changed.
[32m>> [39mFile "packages/users/server/controllers/users.js" changed.
[32m>> [39mFile "packages/users/server/models/user.js" changed.
[32m>> [39mFile "packages/users/server/routes/users.js" changed.
[32m>> [39mFile "packages/users/server/template.js" changed.
[32m>> [39mFile "packages/users/server/tests/users.js" changed.
[32m>> [39mFile "packages/articles/public/assets/css/articles.css" changed.
[32m>> [39mFile "packages/system/public/assets/css/common.css" changed.
[32m>> [39mFile "packages/theme/public/assets/css/loginForms.css" changed.
[32m>> [39mFile "packages/theme/public/assets/css/theme.css" changed.
[32m>> [39mFile "packages/users/public/assets/css/meanUser.css" changed.
[32m>> [39mFile "packages/articles/public/views/create.html" changed.
[32m>> [39mFile "packages/articles/public/views/edit.html" changed.
[32m>> [39mFile "packages/articles/public/views/list.html" changed.
[32m>> [39mFile "packages/articles/public/views/view.html" changed.
[32m>> [39mFile "packages/system/public/views/header.html" changed.
[32m>> [39mFile "packages/system/public/views/index.html" changed.
[32m>> [39mFile "packages/theme/public/views/index.html" changed.
[32m>> [39mFile "packages/users/public/views/forgot-password.html" changed.
[32m>> [39mFile "packages/users/public/views/index.html" changed.
[32m>> [39mFile "packages/users/public/views/login.html" changed.
[32m>> [39mFile "packages/users/public/views/register.html" changed.
[32m>> [39mFile "packages/users/public/views/reset-password.html" changed.
[32m>> [39mFile "packages/system/server/views/404.html" changed.
[32m>> [39mFile "packages/system/server/views/500.html" changed.
[32m>> [39mFile "packages/system/server/views/index.html" changed.
[32m>> [39mFile "packages/system/server/views/includes/foot.html" changed.
[32m>> [39mFile "packages/system/server/views/includes/head.html" changed.
[32m>> [39mFile "packages/system/server/views/layouts/default.html" changed.
[32m>> [39mFile "packages/theme/server/views/index.html" changed.
grunt-cli: The grunt command line interface. (v0.1.13)

Fatal error: Unable to find local grunt.

If you're seeing this message, either a Gruntfile wasn't found or grunt
hasn't been installed locally to your project. For more information about
installing and configuring grunt, please see the Getting Started guide:

http://gruntjs.com/getting-started
grunt-cli: The grunt command line interface. (v0.1.13)

Fatal error: Unable to find local grunt.

If you're seeing this message, either a Gruntfile wasn't found or grunt
hasn't been installed locally to your project. For more information about
installing and configuring grunt, please see the Getting Started guide:

http://gruntjs.com/getting-started
[36mCompleted in 0.246s at Wed Oct 15 2014 14:47:57 GMT+0000 (UTC)[39m - Waiting...
[32m>> [39mFile "node_modules" added.
grunt-cli: The grunt command line interface. (v0.1.13)

Fatal error: Unable to find local grunt.

If you're seeing this message, either a Gruntfile wasn't found or grunt
hasn't been installed locally to your project. For more information about
installing and configuring grunt, please see the Getting Started guide:

http://gruntjs.com/getting-started
[36mCompleted in 0.215s at Wed Oct 15 2014 14:48:28 GMT+0000 (UTC)[39m - Waiting...
[32m>> [39mFile "node_modules/grunt" added.
grunt-cli: The grunt command line interface. (v0.1.13)

Fatal error: Unable to find local grunt.

If you're seeing this message, either a Gruntfile wasn't found or grunt
hasn't been installed locally to your project. For more information about
installing and configuring grunt, please see the Getting Started guide:

http://gruntjs.com/getting-started
[36mCompleted in 0.206s at Wed Oct 15 2014 14:48:30 GMT+0000 (UTC)[39m - Waiting...
[32m>> [39mFile "node_modules/grunt/internal-tasks" added.

module.js:340
    throw err;
          ^
Error: Cannot find module 'coffee-script'
    at Function.Module._resolveFilename (module.js:338:15)
    at Function.Module._load (module.js:280:25)
    at Module.require (module.js:364:17)
    at require (module.js:380:17)
    at Object.<anonymous> (/opt/multiClust/node_modules/grunt/lib/grunt.js:16:1)
    at Module._compile (module.js:456:26)
    at Object.Module._extensions..js (module.js:474:10)
    at Module.load (module.js:356:32)
    at Function.Module._load (module.js:312:12)
    at Module.require (module.js:364:17)
[36mCompleted in 0.310s at Wed Oct 15 2014 14:48:31 GMT+0000 (UTC)[39m - Waiting...
[32m>> [39mFile "node_modules/grunt/lib" added.

module.js:340
    throw err;
          ^
Error: Cannot find module 'coffee-script'
    at Function.Module._resolveFilename (module.js:338:15)
    at Function.Module._load (module.js:280:25)
    at Module.require (module.js:364:17)
    at require (module.js:380:17)
    at Object.<anonymous> (/opt/multiClust/node_modules/grunt/lib/grunt.js:16:1)
    at Module._compile (module.js:456:26)
    at Object.Module._extensions..js (module.js:474:10)
    at Module.load (module.js:356:32)
    at Function.Module._load (module.js:312:12)
    at Module.require (module.js:364:17)
[36mCompleted in 0.220s at Wed Oct 15 2014 14:48:32 GMT+0000 (UTC)[39m - Waiting...
[32m>> [39mFile "node_modules/grunt/lib/grunt" added.
[32m>> [39mFile "node_modules/grunt/lib/util" added.

module.js:340
    throw err;
          ^
Error: Cannot find module 'coffee-script'
    at Function.Module._resolveFilename (module.js:338:15)
    at Function.Module._load (module.js:280:25)
    at Module.require (module.js:364:17)
    at require (module.js:380:17)
    at Object.<anonymous> (/opt/multiClust/node_modules/grunt/lib/grunt.js:16:1)
    at Module._compile (module.js:456:26)
    at Object.Module._extensions..js (module.js:474:10)
    at Module.load (module.js:356:32)
    at Function.Module._load (module.js:312:12)
    at Module.require (module.js:364:17)
[36mCompleted in 0.199s at Wed Oct 15 2014 14:48:35 GMT+0000 (UTC)[39m - Waiting...
[32m>> [39mFile "node_modules/grunt/node_modules" added.

module.js:340
    throw err;
          ^
Error: Cannot find module 'coffee-script'
    at Function.Module._resolveFilename (module.js:338:15)
    at Function.Module._load (module.js:280:25)
    at Module.require (module.js:364:17)
    at require (module.js:380:17)
    at Object.<anonymous> (/opt/multiClust/node_modules/grunt/lib/grunt.js:16:1)
    at Module._compile (module.js:456:26)
    at Object.Module._extensions..js (module.js:474:10)
    at Module.load (module.js:356:32)
    at Function.Module._load (module.js:312:12)
    at Module.require (module.js:364:17)
[36mCompleted in 0.199s at Wed Oct 15 2014 14:48:37 GMT+0000 (UTC)[39m - Waiting...
[32m>> [39mFile "node_modules/grunt/node_modules/.bin" added.

module.js:340
    throw err;
          ^
Error: Cannot find module 'coffee-script'
    at Function.Module._resolveFilename (module.js:338:15)
    at Function.Module._load (module.js:280:25)
    at Module.require (module.js:364:17)
    at require (module.js:380:17)
    at Object.<anonymous> (/opt/multiClust/node_modules/grunt/lib/grunt.js:16:1)
    at Module._compile (module.js:456:26)
    at Object.Module._extensions..js (module.js:474:10)
    at Module.load (module.js:356:32)
    at Function.Module._load (module.js:312:12)
    at Module.require (module.js:364:17)
[36mCompleted in 0.244s at Wed Oct 15 2014 14:48:39 GMT+0000 (UTC)[39m - Waiting...
[32m>> [39mFile "node_modules/.bin" added.

module.js:340
    throw err;
          ^
Error: Cannot find module './lexer'
    at Function.Module._resolveFilename (module.js:338:15)
    at Function.Module._load (module.js:280:25)
    at Module.require (module.js:364:17)
    at require (module.js:380:17)
    at Object.<anonymous> (/opt/multiClust/node_modules/grunt/node_modules/coffee-script/lib/coffee-script/coffee-script.js:10:10)
    at Object.<anonymous> (/opt/multiClust/node_modules/grunt/node_modules/coffee-script/lib/coffee-script/coffee-script.js:167:4)
    at Module._compile (module.js:456:26)
    at Object.Module._extensions..js (module.js:474:10)
    at Module.load (module.js:356:32)
    at Function.Module._load (module.js:312:12)
[36mCompleted in 0.192s at Wed Oct 15 2014 14:48:46 GMT+0000 (UTC)[39m - Waiting...
[31m[nodemon] app crashed - waiting for file changes before starting...[39m
